16:40:12 INFO  : Launching XSDB server: xsdb.bat C:/Xilinx/SDK/2015.3/scripts/xsdb/xsdb/xsdb-server.tcl
16:40:17 INFO  : XSDB server has started successfully.
16:40:32 INFO  : Processing command line option -hwspec C:/Users/SVogel/Documents/Vivado/sys1_z020/SDKRelease1/design_1_wrapper.hdf.
16:46:58 INFO  : Invoking Bootgen: bootgen -image output2.bif -o C:\Users\SVogel\Documents\Vivado\sys1_z020\SDKRelease1\Lunah_DevKit\bootimage\BOOT5.bin
16:46:58 INFO  : Creating new bif file C:\Users\SVogel\Documents\Vivado\sys1_z020\SDKRelease1\Lunah_DevKit\bootimage\output2.bif
16:46:59 INFO  : Bootgen command execution is done.
16:47:28 INFO  : Invoking Bootgen: bootgen -image output2.bif -o C:\Users\SVogel\Documents\Vivado\sys1_z020\SDKRelease1\Lunah_DevKit\bootimage\new5.mcs
16:47:32 INFO  : Bootgen command execution is done.
17:32:54 INFO  : Launching XSDB server: xsdb.bat C:/Xilinx/SDK/2015.3/scripts/xsdb/xsdb/xsdb-server.tcl
17:32:57 INFO  : XSDB server has started successfully.
17:33:08 INFO  : Processing command line option -hwspec C:/Users/SVogel/Documents/Vivado/sys1_z020/SDKRelease1/design_1_wrapper.hdf.
17:33:10 INFO  : Checking for hwspec changes in the project design_1_wrapper_hw_platform_0.
17:33:10 INFO  : SDK has detected change in the last modified timestamps for source hardware specification file Source:1477430728796,  Project:1477427715709
17:33:10 INFO  : The hardware specification for project 'design_1_wrapper_hw_platform_0' is different from C:/Users/SVogel/Documents/Vivado/sys1_z020/SDKRelease1/design_1_wrapper.hdf.
17:33:10 INFO  : Copied contents of C:/Users/SVogel/Documents/Vivado/sys1_z020/SDKRelease1/design_1_wrapper.hdf into \design_1_wrapper_hw_platform_0\system.hdf.
17:33:16 INFO  : Synchronizing projects in the workspace with the hardware platform specification changes.
17:33:34 INFO  : 
17:33:36 ERROR : (XSDB Server)ERROR: [Hsi 55-1433] Error boost::filesystem::remove: The directory is not empty: "C:\Users\SVogel\Documents\Vivado\sys1_z020\SDKRelease1\standalone_bsp_0/ps7_cortexa9_0\libsrc\lwip140_v2_3\src\lwip-1.4.0\src\include"

17:33:36 ERROR : (XSDB Server)ERROR: [Hsi 55-1450] Error: running generate_bsp.

17:33:36 ERROR : Failed to call sync_sw_with_hw_change
Reason: ERROR: [Common 17-39] 'hsi::generate_bsp' failed due to earlier errors.

17:33:36 ERROR : Error updating BSP project MSS files.
17:33:36 INFO  : Updating hardware inferred compiler options for MZ_FSBL.
17:33:37 INFO  : Updating hardware inferred compiler options for Lunah_DevKit.
17:33:37 INFO  : Clearing existing target manager status.
17:34:54 ERROR : Unexpected error while parsing XMD response ?: com.google.gson.JsonSyntaxException: com.google.gson.stream.MalformedJsonException: invalid number or unquoted string near 
17:35:16 INFO  : Launching XSDB server: xsdb.bat C:/Xilinx/SDK/2015.3/scripts/xsdb/xsdb/xsdb-server.tcl
17:35:18 INFO  : XSDB server has started successfully.
17:35:24 INFO  : Processing command line option -hwspec C:/Users/SVogel/Documents/Vivado/sys1_z020/SDKRelease1/design_1_wrapper.hdf.
17:35:25 INFO  : Checking for hwspec changes in the project design_1_wrapper_hw_platform_0.
17:37:12 INFO  : Invoking Bootgen: bootgen -image output2.bif -o C:\Users\SVogel\Documents\Vivado\sys1_z020\SDKRelease1\Lunah_DevKit\bootimage\new6.mcs
17:37:16 INFO  : Bootgen command execution is done.
17:40:54 INFO  : Launching XSDB server: xsdb.bat C:/Xilinx/SDK/2015.3/scripts/xsdb/xsdb/xsdb-server.tcl
17:40:57 INFO  : XSDB server has started successfully.
17:40:58 INFO  : Processing command line option -hwspec C:/Users/SVogel/Documents/Vivado/sys1_z020/SDKRelease1/design_1_wrapper.hdf.
17:40:59 INFO  : Checking for hwspec changes in the project design_1_wrapper_hw_platform_0.
